<?xml version="1.0" encoding="UTF-8"?>
<!-- Generated by org.testng.reporters.JUnitXMLReporter -->
<testsuite hostname="LAPTOP-7HUNRUID" ignored="0" name="Surefire test" tests="2" failures="0" timestamp="2020-04-19T17:46:12 BST" time="47.112" errors="0">
  <testcase name="verifyThatLoginPanelTextisDisplayed" time="0.309" classname="com.orangehrm.testsuite.HomepageTest"/>
  <testcase name="UserIsAbleToLoginSuccessfully" time="13.337" classname="com.orangehrm.testsuite.LoginTest"/>
</testsuite> <!-- Surefire test -->
